STARTING AT Thu Jun 21 20:33:44 CEST 2018

                            < M A T L A B (R) >
                  Copyright 1984-2016 The MathWorks, Inc.
                   R2016a (9.0.0.341360) 64-bit (glnxa64)
                             February 11, 2016

 
To get started, type one of these: helpwin, helpdesk, or demo.
For product information, visit www.mathworks.com.
 

	Academic License

MATLAB detected: 28 physical cores.
MATLAB detected: 28 logical cores.
MATLAB was assigned: 28 logical cores by the OS.
MATLAB is using: 28 logical cores.

ans =

    28

   85.6910

Starting parallel pool (parpool) using the 'local' profile ... connected to 12 workers.
/var/spool/slurmd/job648364/slurm_script: line 14: 17985 Bus error               matlab -nosplash -nodisplay -nodesktop -r MAP2D
processor	: 0
vendor_id	: GenuineIntel
cpu family	: 6
model		: 79
model name	: Intel(R) Xeon(R) CPU E5-2690 v4 @ 2.60GHz
stepping	: 1
FINISHED at Thu Jun 21 20:34:40 CEST 2018
slurmstepd: error: Exceeded step memory limit at some point.
slurmstepd: error: Exceeded job memory limit at some point.
