STARTING AT Thu Jul 5 20:13:16 CEST 2018

                            < M A T L A B (R) >
                  Copyright 1984-2016 The MathWorks, Inc.
                   R2016a (9.0.0.341360) 64-bit (glnxa64)
                             February 11, 2016

 
To get started, type one of these: helpwin, helpdesk, or demo.
For product information, visit www.mathworks.com.
 

	Academic License

   123

   115

Starting parallel pool (parpool) using the 'local' profile ... connected to 12 workers.
   21.9703

   150

     2

    7.0945

   136

     0

    7.8203

  143.5000

     0

    8.0674

   141

     0

    8.1824

   150

     0

    7.2217

>> processor	: 0
vendor_id	: GenuineIntel
cpu family	: 6
model		: 79
model name	: Intel(R) Xeon(R) CPU E5-2690 v4 @ 2.60GHz
stepping	: 1
FINISHED at Thu Jul 5 21:52:19 CEST 2018
