STARTING AT Fri Jul 6 12:21:30 CEST 2018

                            < M A T L A B (R) >
                  Copyright 1984-2016 The MathWorks, Inc.
                   R2016a (9.0.0.341360) 64-bit (glnxa64)
                             February 11, 2016

 
To get started, type one of these: helpwin, helpdesk, or demo.
For product information, visit www.mathworks.com.
 

	Academic License

   108

   119

Starting parallel pool (parpool) using the 'local' profile ... connected to 12 workers.
   22.0098

   166

     6

    7.2858

   137

     3

    8.5621

   146

     2

    7.7592

   142

     0

    8.0722

  140.5000

     0

    7.2900

>> processor	: 0
vendor_id	: GenuineIntel
cpu family	: 6
model		: 85
model name	: Intel(R) Xeon(R) Gold 6132 CPU @ 2.60GHz
stepping	: 4
FINISHED at Fri Jul 6 13:45:56 CEST 2018
