STARTING AT Thu Jun 21 08:42:18 CEST 2018

                            < M A T L A B (R) >
                  Copyright 1984-2016 The MathWorks, Inc.
                   R2016a (9.0.0.341360) 64-bit (glnxa64)
                             February 11, 2016

Warning: X does not support locale en_IN
 
To get started, type one of these: helpwin, helpdesk, or demo.
For product information, visit www.mathworks.com.
 

	Academic License

MATLAB detected: 28 physical cores.
MATLAB detected: 28 logical cores.
MATLAB was assigned: 28 logical cores by the OS.
MATLAB is using: 28 logical cores.

ans =

    28

/var/spool/slurmd/job647285/slurm_script: line 14: 12134 Bus error               matlab -nosplash -nodisplay -nodesktop -r MAP2D
processor	: 0
vendor_id	: GenuineIntel
cpu family	: 6
model		: 85
model name	: Intel(R) Xeon(R) Gold 6132 CPU @ 2.60GHz
stepping	: 4
FINISHED at Thu Jun 21 08:43:00 CEST 2018
slurmstepd: error: Exceeded step memory limit at some point.
